<?xml version="1.0" encoding="utf-8"?><testsuites name="pytest tests"><testsuite name="pytest" errors="0" failures="0" skipped="0" tests="8" time="6.950" timestamp="2026-08-27T09:09:40.486065+00:00" hostname="agent-env-4ae9e815-b8c8-44ec-81bf-9bffaf5ca71d"><testcase classname="tests.test_profile_usermgmt.TestProfile" name="test_budi_login" time="0.413" /><testcase classname="tests.test_profile_usermgmt.TestProfile" name="test_update_name" time="0.547" /><testcase classname="tests.test_profile_usermgmt.TestProfile" name="test_change_password_and_restore" time="2.098" /><testcase classname="tests.test_profile_usermgmt.TestProfile" name="test_wrong_current_password" time="0.609" /><testcase classname="tests.test_profile_usermgmt.TestUserMgmt" name="test_create_manual_user" time="1.012" /><testcase classname="tests.test_profile_usermgmt.TestUserMgmt" name="test_duplicate_email" time="0.057" /><testcase classname="tests.test_profile_usermgmt.TestUserMgmt" name="test_reset_budi_password_and_restore" time="1.767" /><testcase classname="tests.test_profile_usermgmt.TestUserMgmt" name="test_anggota_cannot_create_user" time="0.389" /></testsuite></testsuites>