<?xml version="1.0" encoding="utf-8"?><testsuites name="pytest tests"><testsuite name="pytest" errors="0" failures="1" skipped="1" tests="3" time="2.094" timestamp="2026-08-27T08:40:16.639123+00:00" hostname="agent-env-4ae9e815-b8c8-44ec-81bf-9bffaf5ca71d"><testcase classname="tests.test_iter11_2_cross_divisi" name="test_budi_sees_all_anggota_and_all_divisi" time="0.471" /><testcase classname="tests.test_iter11_2_cross_divisi" name="test_cross_divisi_delegation_flow" time="1.056"><failure message="AssertionError: Rina update failed: 405 {&quot;detail&quot;:&quot;Method Not Allowed&quot;}&#10;assert 405 == 200&#10; +  where 405 = &lt;Response [405]&gt;.status_code">backend/tests/test_iter11_2_cross_divisi.py:81: in test_cross_divisi_delegation_flow
    assert upd.status_code == 200, f"Rina update failed: {upd.status_code} {upd.text}"
E   AssertionError: Rina update failed: 405 {"detail":"Method Not Allowed"}
E   assert 405 == 200
E    +  where 405 = &lt;Response [405]&gt;.status_code</failure></testcase><testcase classname="tests.test_iter11_2_cross_divisi" name="test_rina_only_sees_own_divisi_rutin" time="0.057"><skipped type="pytest.skip" message="rutin-tasks endpoint not found (naming may differ)">/app/backend/tests/test_iter11_2_cross_divisi.py:96: rutin-tasks endpoint not found (naming may differ)</skipped></testcase></testsuite></testsuites>