<?xml version="1.0" encoding="utf-8"?><testsuites name="pytest tests"><testsuite name="pytest" errors="0" failures="0" skipped="0" tests="8" time="4.143" timestamp="2026-08-28T04:43:41.679966+00:00" hostname="agent-env-4ae9e815-b8c8-44ec-81bf-9bffaf5ca71d"><testcase classname="tests.test_iter11_6.TestBug1CrossDivisiUpdate" name="test_rina_can_edit_hasil_with_creator_divisi_id_in_payload" time="1.882" /><testcase classname="tests.test_iter11_6.TestBug1CrossDivisiUpdate" name="test_rina_cannot_change_divisi_to_other" time="0.149" /><testcase classname="tests.test_iter11_6.TestBug1CrossDivisiUpdate" name="test_siti_edit_non_owned_returns_error_body" time="0.168" /><testcase classname="tests.test_iter11_6.TestNotifications" name="test_incoming_and_mark_seen_flow" time="1.192" /><testcase classname="tests.test_iter11_6.TestMoveReassign" name="test_pemberi_can_reassign_to_other_person_cross_divisi" time="0.215" /><testcase classname="tests.test_iter11_6.TestMoveReassign" name="test_unauthorized_user_cannot_reassign" time="0.156" /><testcase classname="tests.test_iter11_6.TestMoveReassign" name="test_current_penerima_can_reassign" time="0.152" /><testcase classname="tests.test_iter11_6.TestMoveReassign" name="test_spv_move_divisi_still_works" time="0.160" /></testsuite></testsuites>