<?xml version="1.0" encoding="utf-8"?><testsuites name="pytest tests"><testsuite name="pytest" errors="0" failures="0" skipped="0" tests="28" time="6.868" timestamp="2026-08-26T08:28:33.732294+00:00" hostname="agent-env-ec3ad26f-c4ac-485c-be17-939d43b87d13"><testcase classname="tests.test_iter9_strategy" name="test_rebrand_api_root" time="0.995" /><testcase classname="tests.test_iter9_strategy" name="test_strategy_requires_auth" time="0.099" /><testcase classname="tests.test_iter9_strategy" name="test_period_created" time="0.636" /><testcase classname="tests.test_iter9_strategy" name="test_period_list_and_get_active" time="0.040" /><testcase classname="tests.test_iter9_strategy" name="test_period_activate_flips_flag" time="0.170" /><testcase classname="tests.test_iter9_strategy" name="test_period_update" time="0.039" /><testcase classname="tests.test_iter9_strategy" name="test_bsc_crud" time="0.234" /><testcase classname="tests.test_iter9_strategy" name="test_okr_created_no_owner" time="0.033" /><testcase classname="tests.test_iter9_strategy" name="test_okr_list_decorated" time="0.131" /><testcase classname="tests.test_iter9_strategy" name="test_okr_filter_by_anggota" time="0.034" /><testcase classname="tests.test_iter9_strategy" name="test_okr_keyresult_and_progress" time="0.207" /><testcase classname="tests.test_iter9_strategy" name="test_okr_my_endpoint" time="0.795" /><testcase classname="tests.test_iter9_strategy" name="test_okr_kr_rbac_non_owner" time="0.117" /><testcase classname="tests.test_iter9_strategy" name="test_kpi_formula_max" time="0.088" /><testcase classname="tests.test_iter9_strategy" name="test_kpi_formula_min" time="0.154" /><testcase classname="tests.test_iter9_strategy" name="test_kpi_rbac_anggota_can_update_aktual" time="0.039" /><testcase classname="tests.test_iter9_strategy" name="test_kpi_rbac_anggota_cannot_update_bobot" time="0.037" /><testcase classname="tests.test_iter9_strategy" name="test_kpi_rbac_others_kpi_forbidden" time="0.152" /><testcase classname="tests.test_iter9_strategy" name="test_kpi_non_spv_cannot_create" time="0.039" /><testcase classname="tests.test_iter9_strategy" name="test_project_link_tasks_and_summary" time="0.138" /><testcase classname="tests.test_iter9_strategy" name="test_project_unlink_task" time="0.076" /><testcase classname="tests.test_iter9_strategy" name="test_project_non_spv_forbidden" time="0.075" /><testcase classname="tests.test_iter9_strategy" name="test_dashboard_aggregates" time="0.072" /><testcase classname="tests.test_iter9_strategy" name="test_period_delete_cascades" time="0.558" /><testcase classname="tests.test_iter9_strategy" name="test_reg_dashboard_digest" time="0.157" /><testcase classname="tests.test_iter9_strategy" name="test_reg_monitoring_user" time="0.057" /><testcase classname="tests.test_iter9_strategy" name="test_reg_raport_summary" time="0.038" /><testcase classname="tests.test_iter9_strategy" name="test_reg_raport_pdf" time="1.152" /></testsuite></testsuites>