<?xml version="1.0" encoding="utf-8"?><testsuites name="pytest tests"><testsuite name="pytest" errors="0" failures="1" skipped="0" tests="17" time="3.173" timestamp="2026-08-26T09:14:30.849547+00:00" hostname="agent-env-ec3ad26f-c4ac-485c-be17-939d43b87d13"><testcase classname="tests.test_iter10_vision_komitmen.TestRegression" name="test_periods_list" time="0.664" /><testcase classname="tests.test_iter10_vision_komitmen.TestRegression" name="test_bsc_list" time="0.342" /><testcase classname="tests.test_iter10_vision_komitmen.TestKomitmenPdf" name="test_pdf_spv_success" time="1.295" /><testcase classname="tests.test_iter10_vision_komitmen.TestRegression" name="test_dashboard" time="0.241" /><testcase classname="tests.test_iter10_vision_komitmen.TestRegression" name="test_monitoring_user" time="0.081" /><testcase classname="tests.test_iter10_vision_komitmen.TestKomitmenPdf" name="test_pdf_empty_division_still_succeeds" time="0.245" /><testcase classname="tests.test_iter10_vision_komitmen.TestRegression" name="test_raport_summary" time="0.276" /><testcase classname="tests.test_iter10_vision_komitmen.TestKomitmenPdf" name="test_pdf_invalid_period_404" time="0.061" /><testcase classname="tests.test_iter10_vision_komitmen.TestKomitmenPdf" name="test_pdf_invalid_divisi_404" time="0.079" /><testcase classname="tests.test_iter10_vision_komitmen.TestVision" name="test_get_vision_defaults" time="0.075" /><testcase classname="tests.test_iter10_vision_komitmen.TestKomitmenPdf" name="test_pdf_non_spv_forbidden" time="0.110" /><testcase classname="tests.test_iter10_vision_komitmen.TestVision" name="test_put_vision_upsert" time="0.069" /><testcase classname="tests.test_iter10_vision_komitmen.TestVision" name="test_put_vision_idempotent_update" time="0.156" /><testcase classname="tests.test_iter10_vision_komitmen.TestOkrBscLink" name="test_create_okr_with_bsc_link_and_decoration" time="0.070" /><testcase classname="tests.test_iter10_vision_komitmen.TestOkrBscLink" name="test_update_okr_unset_bsc_link" time="0.490"><failure message="AssertionError: assert {'period_id': 'd77e7d53-fdbd-4726-8814-4ac497e7bad3', 'aspek': 'FINANCIAL', 'nama': 'itest Peningkatan NPM', 'target': '10%', ...} is None&#10; +  where {'period_id': 'd77e7d53-fdbd-4726-8814-4ac497e7bad3', 'aspek': 'FINANCIAL', 'nama': 'itest Peningkatan NPM', 'target': '10%', ...} = &lt;built-in method get of dict object at 0xfe44ff184580&gt;('bsc_target')&#10; +    where &lt;built-in method get of dict object at 0xfe44ff184580&gt; = {'period_id': 'd77e7d53-fdbd-4726-8814-4ac497e7bad3', 'level': 'DIVISI', 'divisi_id': '49a18d6c-7b82-4a71-a006-cb1cd176cf2c', 'owner_id': '7c70237f-3db1-4443-9c35-725150ba95ad', ...}.get">tests/test_iter10_vision_komitmen.py:171: in test_update_okr_unset_bsc_link
    assert matches[0].get("bsc_target") is None
E   AssertionError: assert {'period_id': 'd77e7d53-fdbd-4726-8814-4ac497e7bad3', 'aspek': 'FINANCIAL', 'nama': 'itest Peningkatan NPM', 'target': '10%', ...} is None
E    +  where {'period_id': 'd77e7d53-fdbd-4726-8814-4ac497e7bad3', 'aspek': 'FINANCIAL', 'nama': 'itest Peningkatan NPM', 'target': '10%', ...} = &lt;built-in method get of dict object at 0xfe44ff184580&gt;('bsc_target')
E    +    where &lt;built-in method get of dict object at 0xfe44ff184580&gt; = {'period_id': 'd77e7d53-fdbd-4726-8814-4ac497e7bad3', 'level': 'DIVISI', 'divisi_id': '49a18d6c-7b82-4a71-a006-cb1cd176cf2c', 'owner_id': '7c70237f-3db1-4443-9c35-725150ba95ad', ...}.get</failure></testcase><testcase classname="tests.test_iter10_vision_komitmen.TestVision" name="test_put_vision_non_spv_403" time="0.099" /><testcase classname="tests.test_iter10_vision_komitmen" name="test_root_api" time="0.678" /></testsuite></testsuites>