<?xml version="1.0" encoding="utf-8"?><testsuites name="pytest tests"><testsuite name="pytest" errors="0" failures="0" skipped="0" tests="11" time="2.652" timestamp="2026-08-27T08:03:08.466533+00:00" hostname="agent-env-4ae9e815-b8c8-44ec-81bf-9bffaf5ca71d"><testcase classname="tests.test_iter11_delegasi.TestRBACDivisi" name="test_anggota_cannot_create_divisi" time="0.748" /><testcase classname="tests.test_iter11_delegasi.TestRBACDivisi" name="test_anggota_cannot_create_anggota" time="0.053" /><testcase classname="tests.test_iter11_delegasi.TestDelegasi" name="test_budi_creates_delegated_task_to_siti" time="1.486" /><testcase classname="tests.test_iter11_delegasi.TestRBACDivisi" name="test_spv_can_list_divisi" time="0.573" /><testcase classname="tests.test_iter11_delegasi.TestRutinScope" name="test_budi_only_sees_own_divisi_rutin" time="0.160" /><testcase classname="tests.test_iter11_delegasi.TestDelegasi" name="test_budi_sees_task_as_pemberi" time="0.053" /><testcase classname="tests.test_iter11_delegasi.TestDelegasi" name="test_siti_sees_task_as_penerima" time="0.046" /><testcase classname="tests.test_iter11_delegasi.TestDelegasi" name="test_budi_cannot_update_delegated_task" time="0.055" /><testcase classname="tests.test_iter11_delegasi.TestDelegasi" name="test_siti_can_update_hasil" time="0.071" /><testcase classname="tests.test_iter11_delegasi.TestDelegasi" name="test_budi_sees_hasil_from_siti" time="0.051" /><testcase classname="tests.test_iter11_delegasi.TestDelegasi" name="test_cleanup" time="0.411" /></testsuite></testsuites>