<?xml version="1.0" encoding="utf-8"?><testsuites name="pytest tests"><testsuite name="pytest" errors="0" failures="0" skipped="0" tests="11" time="2.580" timestamp="2026-08-27T08:38:42.168860+00:00" hostname="agent-env-4ae9e815-b8c8-44ec-81bf-9bffaf5ca71d"><testcase classname="tests.test_iter11_delegasi.TestRBACDivisi" name="test_anggota_cannot_create_divisi" time="0.991" /><testcase classname="tests.test_iter11_delegasi.TestDelegasi" name="test_budi_creates_delegated_task_to_siti" time="1.138" /><testcase classname="tests.test_iter11_delegasi.TestRBACDivisi" name="test_anggota_cannot_create_anggota" time="0.052" /><testcase classname="tests.test_iter11_delegasi.TestDelegasi" name="test_budi_sees_task_as_pemberi" time="0.256" /><testcase classname="tests.test_iter11_delegasi.TestDelegasi" name="test_siti_sees_task_as_penerima" time="0.054" /><testcase classname="tests.test_iter11_delegasi.TestRBACDivisi" name="test_spv_can_list_divisi" time="0.446" /><testcase classname="tests.test_iter11_delegasi.TestDelegasi" name="test_budi_cannot_update_delegated_task" time="0.086" /><testcase classname="tests.test_iter11_delegasi.TestRutinScope" name="test_budi_only_sees_own_divisi_rutin" time="0.248" /><testcase classname="tests.test_iter11_delegasi.TestDelegasi" name="test_siti_can_update_hasil" time="0.117" /><testcase classname="tests.test_iter11_delegasi.TestDelegasi" name="test_budi_sees_hasil_from_siti" time="0.054" /><testcase classname="tests.test_iter11_delegasi.TestDelegasi" name="test_cleanup" time="0.395" /></testsuite></testsuites>