<?xml version="1.0" encoding="utf-8"?><testsuites name="pytest tests"><testsuite name="pytest" errors="0" failures="0" skipped="0" tests="45" time="6.885" timestamp="2026-08-26T09:17:13.531894+00:00" hostname="agent-env-ec3ad26f-c4ac-485c-be17-939d43b87d13"><testcase classname="tests.test_iter9_strategy" name="test_rebrand_api_root" time="0.139" /><testcase classname="tests.test_iter9_strategy" name="test_strategy_requires_auth" time="0.245" /><testcase classname="tests.test_iter10_vision_komitmen.TestKomitmenPdf" name="test_pdf_spv_success" time="1.145" /><testcase classname="tests.test_iter10_vision_komitmen.TestKomitmenPdf" name="test_pdf_empty_division_still_succeeds" time="0.274" /><testcase classname="tests.test_iter9_strategy" name="test_period_created" time="0.991" /><testcase classname="tests.test_iter9_strategy" name="test_period_list_and_get_active" time="0.078" /><testcase classname="tests.test_iter10_vision_komitmen.TestKomitmenPdf" name="test_pdf_invalid_period_404" time="0.074" /><testcase classname="tests.test_iter9_strategy" name="test_period_activate_flips_flag" time="0.241" /><testcase classname="tests.test_iter10_vision_komitmen.TestKomitmenPdf" name="test_pdf_invalid_divisi_404" time="0.076" /><testcase classname="tests.test_iter10_vision_komitmen.TestKomitmenPdf" name="test_pdf_non_spv_forbidden" time="0.088" /><testcase classname="tests.test_iter10_vision_komitmen.TestRegression" name="test_periods_list" time="0.075" /><testcase classname="tests.test_iter9_strategy" name="test_period_update" time="0.081" /><testcase classname="tests.test_iter10_vision_komitmen.TestRegression" name="test_bsc_list" time="0.105" /><testcase classname="tests.test_iter9_strategy" name="test_bsc_crud" time="0.326" /><testcase classname="tests.test_iter10_vision_komitmen.TestRegression" name="test_dashboard" time="0.038" /><testcase classname="tests.test_iter10_vision_komitmen.TestRegression" name="test_monitoring_user" time="0.033" /><testcase classname="tests.test_iter10_vision_komitmen.TestRegression" name="test_raport_summary" time="0.071" /><testcase classname="tests.test_iter10_vision_komitmen.TestVision" name="test_get_vision_defaults" time="0.038" /><testcase classname="tests.test_iter10_vision_komitmen.TestVision" name="test_put_vision_upsert" time="0.069" /><testcase classname="tests.test_iter10_vision_komitmen.TestVision" name="test_put_vision_idempotent_update" time="0.080" /><testcase classname="tests.test_iter9_strategy" name="test_okr_created_no_owner" time="0.095" /><testcase classname="tests.test_iter10_vision_komitmen.TestVision" name="test_put_vision_non_spv_403" time="0.070" /><testcase classname="tests.test_iter10_vision_komitmen.TestOkrBscLink" name="test_create_okr_with_bsc_link_and_decoration" time="0.084" /><testcase classname="tests.test_iter9_strategy" name="test_okr_list_decorated" time="0.156" /><testcase classname="tests.test_iter10_vision_komitmen.TestOkrBscLink" name="test_update_okr_unset_bsc_link" time="0.113" /><testcase classname="tests.test_iter9_strategy" name="test_okr_filter_by_anggota" time="0.041" /><testcase classname="tests.test_iter9_strategy" name="test_okr_keyresult_and_progress" time="0.244" /><testcase classname="tests.test_iter10_vision_komitmen" name="test_root_api" time="0.706" /><testcase classname="tests.test_iter9_strategy" name="test_okr_my_endpoint" time="0.826" /><testcase classname="tests.test_iter9_strategy" name="test_okr_kr_rbac_non_owner" time="0.127" /><testcase classname="tests.test_iter9_strategy" name="test_kpi_formula_max" time="0.088" /><testcase classname="tests.test_iter9_strategy" name="test_kpi_formula_min" time="0.119" /><testcase classname="tests.test_iter9_strategy" name="test_kpi_rbac_anggota_can_update_aktual" time="0.042" /><testcase classname="tests.test_iter9_strategy" name="test_kpi_rbac_anggota_cannot_update_bobot" time="0.082" /><testcase classname="tests.test_iter9_strategy" name="test_kpi_rbac_others_kpi_forbidden" time="0.162" /><testcase classname="tests.test_iter9_strategy" name="test_kpi_non_spv_cannot_create" time="0.044" /><testcase classname="tests.test_iter9_strategy" name="test_project_link_tasks_and_summary" time="0.177" /><testcase classname="tests.test_iter9_strategy" name="test_project_unlink_task" time="0.080" /><testcase classname="tests.test_iter9_strategy" name="test_project_non_spv_forbidden" time="0.043" /><testcase classname="tests.test_iter9_strategy" name="test_dashboard_aggregates" time="0.047" /><testcase classname="tests.test_iter9_strategy" name="test_period_delete_cascades" time="0.558" /><testcase classname="tests.test_iter9_strategy" name="test_reg_dashboard_digest" time="0.082" /><testcase classname="tests.test_iter9_strategy" name="test_reg_monitoring_user" time="0.044" /><testcase classname="tests.test_iter9_strategy" name="test_reg_raport_summary" time="0.042" /><testcase classname="tests.test_iter9_strategy" name="test_reg_raport_pdf" time="1.170" /></testsuite></testsuites>