<?xml version="1.0" encoding="utf-8"?><testsuites name="pytest tests"><testsuite name="pytest" errors="0" failures="0" skipped="0" tests="21" time="4.835" timestamp="2026-08-28T18:16:54.226410+00:00" hostname="agent-env-0fcee2bb-6ced-4db8-abc5-7cd5f62e28b5"><testcase classname="tests.test_iter21_strategy_v2.TestOkr" name="test_list_okr_decoration" time="0.876" /><testcase classname="tests.test_iter21_strategy_v2.TestEvaluasi" name="test_evaluation_recap_shape" time="0.962" /><testcase classname="tests.test_iter21_strategy_v2.TestOkr" name="test_label_thresholds_consistent" time="0.084" /><testcase classname="tests.test_iter21_strategy_v2.TestOkr" name="test_okr_owner_jabatan_persist" time="0.770" /><testcase classname="tests.test_iter21_strategy_v2.TestEvaluasi" name="test_save_notes_persist" time="0.328" /><testcase classname="tests.test_iter21_strategy_v2.TestEvaluasi" name="test_evaluasi_pdf" time="0.443" /><testcase classname="tests.test_iter21_strategy_v2.TestOkr" name="test_kr_pct_computation[1000-5000-3200-MAX-55.0]" time="0.376" /><testcase classname="tests.test_iter21_strategy_v2.TestEvaluasi" name="test_evaluasi_pdf_bad_period_404" time="0.080" /><testcase classname="tests.test_iter21_strategy_v2.TestEvaluasi" name="test_evaluation_requires_auth" time="0.132" /><testcase classname="tests.test_iter21_strategy_v2.TestBscGoals" name="test_list_bsc" time="0.091" /><testcase classname="tests.test_iter21_strategy_v2.TestBscGoals" name="test_crud_goal_with_indicators" time="0.558" /><testcase classname="tests.test_iter21_strategy_v2.TestOkr" name="test_kr_pct_computation[-100-40-MAX-40.0]" time="0.368" /><testcase classname="tests.test_iter21_strategy_v2.TestOkr" name="test_kr_pct_computation[-10-20-MIN-50.0]" time="0.320" /><testcase classname="tests.test_iter21_strategy_v2.TestBscGoals" name="test_update_nonexistent_goal_404" time="0.084" /><testcase classname="tests.test_iter21_strategy_v2.TestInitiatives" name="test_initiative_lifecycle" time="1.087" /><testcase classname="tests.test_iter21_strategy_v2.TestOkr" name="test_kr_pct_computation[100-50-75-MIN-50.0]" time="0.356" /><testcase classname="tests.test_iter21_strategy_v2.TestOkr" name="test_kr_pct_computation[-0-0-MAX-None]" time="0.327" /><testcase classname="tests.test_iter21_strategy_v2.TestOkr" name="test_kr_update_recompute" time="0.535" /><testcase classname="tests.test_iter21_strategy_v2.TestInitiatives" name="test_initiative_bad_okr_404" time="0.083" /><testcase classname="tests.test_iter21_strategy_v2.TestHeatmap" name="test_workload_heatmap" time="0.148" /><testcase classname="tests.test_iter21_strategy_v2.TestHeatmap" name="test_heatmap_requires_auth" time="0.129" /></testsuite></testsuites>