<?xml version="1.0" encoding="utf-8"?><testsuites name="pytest tests"><testsuite name="pytest" errors="0" failures="0" skipped="0" tests="7" time="2.699" timestamp="2026-08-27T08:54:34.862630+00:00" hostname="agent-env-4ae9e815-b8c8-44ec-81bf-9bffaf5ca71d"><testcase classname="tests.test_iter11_3_revisi" name="test_budi_can_request_revisi" time="1.561" /><testcase classname="tests.test_iter11_3_revisi" name="test_rina_sees_revisi" time="0.049" /><testcase classname="tests.test_iter11_3_revisi" name="test_siti_non_pemberi_forbidden" time="0.100" /><testcase classname="tests.test_iter11_3_revisi" name="test_penerima_forbidden" time="0.094" /><testcase classname="tests.test_iter11_3_revisi" name="test_spv_can_revisi" time="0.138" /><testcase classname="tests.test_iter11_3_revisi" name="test_rina_updates_status_back" time="0.100" /><testcase classname="tests.test_iter11_3_revisi" name="test_empty_catatan_rejected" time="0.100" /></testsuite></testsuites>