<?xml version="1.0" encoding="utf-8"?><testsuites name="pytest tests"><testsuite name="pytest" errors="0" failures="0" skipped="0" tests="30" time="5.275" timestamp="2026-08-28T19:09:44.860834+00:00" hostname="agent-env-0fcee2bb-6ced-4db8-abc5-7cd5f62e28b5"><testcase classname="tests.test_iter22_self_task_head_notif.TestActivityComments" name="test_create_activity_logged" time="0.759" /><testcase classname="tests.test_iter22_self_task_head_notif.TestActivityComments" name="test_post_comment_appears" time="0.423" /><testcase classname="tests.test_iter22_self_task_head_notif.TestMonitoringHeadScope" name="test_head_deadline_radar_scoped" time="1.248" /><testcase classname="tests.test_iter22_self_task_head_notif.TestActivityComments" name="test_status_change_logs_activity" time="0.179" /><testcase classname="tests.test_iter22_self_task_head_notif.TestMonitoringHeadScope" name="test_head_cannot_override_divisi_param" time="0.284" /><testcase classname="tests.test_iter22_self_task_head_notif.TestActivityComments" name="test_activity_404_unknown_task" time="0.116" /><testcase classname="tests.test_iter22_self_task_head_notif.TestActivityComments" name="test_activity_requires_auth" time="0.177" /><testcase classname="tests.test_iter22_self_task_head_notif.TestMonitoringHeadScope" name="test_head_amaliyah_compliance_403" time="0.091" /><testcase classname="tests.test_iter22_self_task_head_notif.TestMonitoringHeadScope" name="test_spv_amaliyah_compliance_200" time="0.082" /><testcase classname="tests.test_iter22_self_task_head_notif.TestNotificationFeed" name="test_spv_feed_shape" time="0.124" /><testcase classname="tests.test_iter22_self_task_head_notif.TestMonitoringHeadScope" name="test_head_is_read_only_on_other_members_task" time="0.913" /><testcase classname="tests.test_iter22_self_task_head_notif.TestNotificationFeed" name="test_overdue_task_appears_in_reminders" time="0.175" /><testcase classname="tests.test_iter22_self_task_head_notif.TestNotificationFeed" name="test_head_feed_role" time="0.576" /><testcase classname="tests.test_iter22_self_task_head_notif.TestNotificationFeed" name="test_feed_requires_auth" time="0.149" /><testcase classname="tests.test_iter22_self_task_head_notif.TestMonitoringHeadScope" name="test_head_other_monitoring_endpoints[workload]" time="0.146" /><testcase classname="tests.test_iter22_self_task_head_notif.TestMonitoringHeadScope" name="test_head_other_monitoring_endpoints[stagnation]" time="0.139" /><testcase classname="tests.test_iter22_self_task_head_notif.TestDivisiHead" name="test_set_and_unset_head" time="0.709" /><testcase classname="tests.test_iter22_self_task_head_notif.TestMonitoringHeadScope" name="test_head_other_monitoring_endpoints[divisi-progress]" time="0.080" /><testcase classname="tests.test_iter22_self_task_head_notif.TestMonitoringHeadScope" name="test_head_other_monitoring_endpoints[workload-heatmap]" time="0.098" /><testcase classname="tests.test_iter22_self_task_head_notif.TestMonitoringHeadScope" name="test_head_other_monitoring_endpoints[per-anggota]" time="0.072" /><testcase classname="tests.test_iter22_self_task_head_notif.TestCreateTaskSelfWorkspace" name="test_create_forces_own_divisi_and_penerima" time="0.365" /><testcase classname="tests.test_iter22_self_task_head_notif.TestDivisiHead" name="test_cross_divisi_head_rejected" time="0.247" /><testcase classname="tests.test_iter22_self_task_head_notif.TestCreateTaskSelfWorkspace" name="test_created_task_list_belongs_to_own_divisi" time="0.181" /><testcase classname="tests.test_iter22_self_task_head_notif.TestDivisiHead" name="test_head_endpoint_forbidden_for_non_spv" time="0.097" /><testcase classname="tests.test_iter22_self_task_head_notif.TestCreateTaskSelfWorkspace" name="test_head_create_task_lands_in_own_divisi" time="0.171" /><testcase classname="tests.test_iter22_self_task_head_notif.TestDivisiHead" name="test_unknown_divisi_404" time="0.092" /><testcase classname="tests.test_iter22_self_task_head_notif.TestMoveTask" name="test_move_to_other_divisi_and_penerima" time="0.444" /><testcase classname="tests.test_iter22_self_task_head_notif.TestScope" name="test_spv_scope" time="0.000" /><testcase classname="tests.test_iter22_self_task_head_notif.TestScope" name="test_head_scope" time="0.298" /><testcase classname="tests.test_iter22_self_task_head_notif.TestMoveTask" name="test_move_logs_activity" time="0.337" /></testsuite></testsuites>