<?xml version="1.0" encoding="utf-8"?><testsuites name="pytest tests"><testsuite name="pytest" errors="0" failures="0" skipped="0" tests="11" time="4.232" timestamp="2026-08-26T07:30:09.882132+00:00" hostname="agent-env-ec3ad26f-c4ac-485c-be17-939d43b87d13"><testcase classname="tests.test_iter8_rebrand_pdf" name="test_root_rebrand_workspace_ruang_sanad" time="0.883" /><testcase classname="tests.test_iter8_rebrand_pdf" name="test_logo_asset_exists" time="0.000" /><testcase classname="tests.test_iter8_rebrand_pdf" name="test_pdf_tim_has_embedded_logo" time="0.631" /><testcase classname="tests.test_iter8_rebrand_pdf" name="test_pdf_per_anggota_has_embedded_logo_and_slug" time="0.450" /><testcase classname="tests.test_iter8_rebrand_pdf" name="test_pdf_forbidden_non_spv" time="0.836" /><testcase classname="tests.test_iter8_rebrand_pdf" name="test_reg_raport_summary_per_anggota" time="0.034" /><testcase classname="tests.test_iter8_rebrand_pdf" name="test_reg_dashboard_digest" time="0.041" /><testcase classname="tests.test_iter8_rebrand_pdf" name="test_reg_monitoring_user" time="0.037" /><testcase classname="tests.test_iter8_rebrand_pdf" name="test_reg_raport_note_global_and_per_anggota" time="0.236" /><testcase classname="tests.test_iter8_rebrand_pdf" name="test_reg_tasks_crud" time="0.109" /><testcase classname="tests.test_iter8_rebrand_pdf" name="test_pdf_contains_workspace_ruang_sanad_string" time="0.457" /></testsuite></testsuites>