<?xml version="1.0" encoding="utf-8"?><testsuites name="pytest tests"><testsuite name="pytest" errors="0" failures="0" skipped="0" tests="13" time="4.470" timestamp="2026-08-26T07:11:31.266575+00:00" hostname="agent-env-ec3ad26f-c4ac-485c-be17-939d43b87d13"><testcase classname="tests.test_iter7_raport_digest" name="test_root_rebrand" time="1.251" /><testcase classname="tests.test_iter7_raport_digest" name="test_spv_login_sets_cookie" time="0.319" /><testcase classname="tests.test_iter7_raport_digest" name="test_dashboard_digest_spv" time="0.505" /><testcase classname="tests.test_iter7_raport_digest" name="test_monitoring_user" time="0.048" /><testcase classname="tests.test_iter7_raport_digest" name="test_raport_summary_per_anggota" time="0.035" /><testcase classname="tests.test_iter7_raport_digest" name="test_raport_summary_global" time="0.073" /><testcase classname="tests.test_iter7_raport_digest" name="test_raport_pdf_per_anggota" time="0.050" /><testcase classname="tests.test_iter7_raport_digest" name="test_raport_pdf_tim" time="0.048" /><testcase classname="tests.test_iter7_raport_digest" name="test_raport_note_per_anggota_isolated" time="0.265" /><testcase classname="tests.test_iter7_raport_digest" name="test_task_actions_status_and_deadline" time="0.106" /><testcase classname="tests.test_iter7_raport_digest" name="test_anggota_forbidden_on_raport_pdf" time="0.725" /><testcase classname="tests.test_iter7_raport_digest" name="test_anggota_forbidden_on_raport_note" time="0.077" /><testcase classname="tests.test_iter7_raport_digest" name="test_anggota_digest_empty" time="0.333" /></testsuite></testsuites>